<?xml version="1.0" encoding="UTF-8"?>
<!-- Generated by org.testng.reporters.JUnitReportReporter -->
<testsuite hostname="DESKTOP-2CLQ3IQ" failures="0" tests="1" name="testCase.TC_LoginPage" time="2.632" errors="0" timestamp="2024-10-02T15:17:59 IST" skipped="0">
  <testcase classname="testCase.TC_LoginPage" name="VerifyLogin" time="2.632"/>
</testsuite> <!-- testCase.TC_LoginPage -->
